C51 COMPILER V9.56.0.0   666                                                               04/23/2017 22:44:15 PAGE 1   


C51 COMPILER V9.56.0.0, COMPILATION OF MODULE 666
OBJECT MODULE PLACED IN .\Objects\666.obj
COMPILER INVOKED BY: F:\keil\C51\BIN\C51.EXE 666.c OPTIMIZE(8,SPEED) BROWSE DEBUG OBJECTEXTEND PRINT(.\Listings\666.lst)
                    - TABS(2) OBJECT(.\Objects\666.obj)

line level    source

   1          #include <reg52.h>
   2          #include <intrins.h>
   3          #include <stdio.h>
   4          #include <absacc.h>
   5          
   6          
   7          #define f     11.0592
   8          #define BUFF_SIZE  17
   9          #define SEGMENT XBYTE[0XBFFF]
  10          #define BIT   XBYTE[0X7FFF]
  11          
  12          unsigned char code seg_code[]={0x3F,0x06,0x5B,0x4F,0x66,0x6D,0x7D,
  13                          0x07,0x7F,0x67};
  14          unsigned char d[6] _at_ 0x50;
  15          unsigned char data display_bit;       //ledÎ»Âë
  16          unsigned char data display_buffer;    //led¶ÎÂë
  17          void delay(long n);
  18          
  19          
  20          sbit sw1=P3^3;
  21          sbit sw2=P3^5;
  22          sbit sw3=P3^4;
  23          
  24          sbit buz = P1^0;
  25          sbit ledcontrol = P1^1;
  26          sbit ic_card_in = P1^4;
  27          
  28          void warning();
  29          unsigned char data display_bit;
  30          unsigned char data display_buffer;
  31          
  32          
  33          
  34          void main()
  35          {
  36   1          
  37   1        while(1)
  38   1        {
  39   2          if((!sw1)&&(sw2)&&(sw3))
  40   2          {
  41   3             display_bit=0xff;
  42   3            BIT = display_bit;
  43   3              display_buffer=seg_code[8];
  44   3             SEGMENT=display_buffer;
  45   3          }
  46   2          if(sw1)
  47   2          {
  48   3             display_bit=0x00;
  49   3            BIT = display_bit;
  50   3      
  51   3          }
  52   2      
  53   2          if(sw2)
  54   2          {
C51 COMPILER V9.56.0.0   666                                                               04/23/2017 22:44:15 PAGE 2   

  55   3             ledcontrol=1;
  56   3          }
  57   2          if(!sw2)
  58   2          {
  59   3             ledcontrol=0;
  60   3          }
  61   2          
  62   2           if(!sw3)
  63   2          {
  64   3             warning();
  65   3          }
  66   2          if(sw3)
  67   2          {
  68   3             ;
  69   3          }
  70   2      
  71   2          if((!sw1)&&(!sw2)&&(!sw3))
  72   2          {
  73   3             display_bit=0xff;
  74   3             BIT= display_bit;
  75   3             display_buffer=seg_code[6];
  76   3             SEGMENT=display_buffer;
  77   3          }
  78   2      
  79   2        }
  80   1      
  81   1      }
  82          
  83          void warning()
  84          {  
  85   1        int m;
  86   1          int j=0;
  87   1         while(j<2)
  88   1         {
  89   2             j++;
  90   2           buz=~buz;
  91   2           for(m=0;m<5000;m++);
  92   2         }
  93   1       }
  94           void delay(long n)
  95          {
  96   1      long i;
  97   1      for (i=1;i<=n;i++){;}
  98   1      }


MODULE INFORMATION:   STATIC OVERLAYABLE
   CODE SIZE        =    203    ----
   CONSTANT SIZE    =     10    ----
   XDATA SIZE       =   ----    ----
   PDATA SIZE       =   ----    ----
   DATA SIZE        =      2       8
   IDATA SIZE       =   ----    ----
   BIT SIZE         =   ----    ----
END OF MODULE INFORMATION.


C51 COMPILATION COMPLETE.  0 WARNING(S),  0 ERROR(S)
